0 info it worked if it ends with ok
1 verbose cli [ '/usr/local/Cellar/node/6.1.0/bin/node',
1 verbose cli   '/Users/Silverbells/.node_modules_global/bin/npm',
1 verbose cli   'start' ]
2 info using npm@3.9.2
3 info using node@v6.1.0
4 verbose stack Error: ENOENT: no such file or directory, open '/Users/Silverbells/Documents/FullStack/w1/sorting/package.json'
4 verbose stack     at Error (native)
5 verbose cwd /Users/Silverbells/Documents/FullStack/w1/sorting
6 error Darwin 16.1.0
7 error argv "/usr/local/Cellar/node/6.1.0/bin/node" "/Users/Silverbells/.node_modules_global/bin/npm" "start"
8 error node v6.1.0
9 error npm  v3.9.2
10 error path /Users/Silverbells/Documents/FullStack/w1/sorting/package.json
11 error code ENOENT
12 error errno -2
13 error syscall open
14 error enoent ENOENT: no such file or directory, open '/Users/Silverbells/Documents/FullStack/w1/sorting/package.json'
15 error enoent ENOENT: no such file or directory, open '/Users/Silverbells/Documents/FullStack/w1/sorting/package.json'
15 error enoent This is most likely not a problem with npm itself
15 error enoent and is related to npm not being able to find a file.
16 verbose exit [ -2, true ]
